12:51:41 - Title='No More Love', Artist='Penny Tai', State='Playing'
12:51:43 - Title='No More Love', Artist='Penny Tai', State='Playing'
12:51:45 - Title='No More Love', Artist='Penny Tai', State='Playing'
12:51:47 - Title='No More Love', Artist='Penny Tai', State='Playing'
12:51:49 - Title='No More Love', Artist='Penny Tai', State='Playing'
12:51:51 - Title='No More Love', Artist='Penny Tai', State='Playing'
12:51:53 - Title='No More Love', Artist='Penny Tai', State='Playing'
12:51:55 - Title='No More Love', Artist='Penny Tai', State='Playing'
12:51:57 - Title='No More Love', Artist='Penny Tai', State='Playing'
12:51:59 - Title='No More Love', Artist='Penny Tai', State='Playing'
12:52:01 - Title='No More Love', Artist='Penny Tai', State='Playing'
12:52:03 - Title='No More Love', Artist='Penny Tai', State='Playing'
12:52:05 - Title='No More Love', Artist='Penny Tai', State='Playing'
12:52:07 - Title='No More Love', Artist='Penny Tai', State='Playing'
12:52:09 - Title='No More Love', Artist='Penny Tai', State='Playing'
12:52:11 - Title='No More Love', Artist='Penny Tai', State='Playing'
12:52:13 - Title='No More Love', Artist='Penny Tai', State='Playing'
12:52:15 - Title='No More Love', Artist='Penny Tai', State='Playing'
12:52:17 - Title='No More Love', Artist='Penny Tai', State='Playing'
12:52:19 - Title='No More Love', Artist='Penny Tai', State='Playing'
12:52:21 - Title='No More Love', Artist='Penny Tai', State='Playing'
12:52:23 - Title='No More Love', Artist='Penny Tai', State='Playing'
12:52:25 - Title='No More Love', Artist='Penny Tai', State='Playing'
12:52:27 - Title='No More Love', Artist='Penny Tai', State='Playing'
12:52:29 - Title='No More Love', Artist='Penny Tai', State='Playing'
12:52:31 - Title='No More Love', Artist='Penny Tai', State='Playing'
12:52:33 - Title='No More Love', Artist='Penny Tai', State='Playing'
12:52:35 - Title='No More Love', Artist='Penny Tai', State='Playing'
12:52:37 - Title='No More Love', Artist='Penny Tai', State='Playing'
12:52:39 - Title='No More Love', Artist='Penny Tai', State='Playing'
12:52:41 - Title='No More Love', Artist='Penny Tai', State='Playing'
12:52:43 - Title='No More Love', Artist='Penny Tai', State='Playing'
12:52:45 - Title='No More Love', Artist='Penny Tai', State='Playing'
12:52:47 - Title='No More Love', Artist='Penny Tai', State='Playing'
12:52:49 - Title='No More Love', Artist='Penny Tai', State='Playing'
12:52:51 - Title='No More Love', Artist='Penny Tai', State='Playing'
12:52:53 - Title='No More Love', Artist='Penny Tai', State='Playing'
12:52:55 - Title='No More Love', Artist='Penny Tai', State='Playing'
12:52:57 - Title='No More Love', Artist='Penny Tai', State='Playing'
12:52:59 - Title='No More Love', Artist='Penny Tai', State='Playing'
12:53:01 - Title='No More Love', Artist='Penny Tai', State='Playing'
12:53:03 - Title='No More Love', Artist='Penny Tai', State='Playing'
12:53:05 - Title='No More Love', Artist='Penny Tai', State='Playing'
12:53:07 - Title='No More Love', Artist='Penny Tai', State='Playing'
12:53:09 - Title='No More Love', Artist='Penny Tai', State='Playing'
12:53:11 - Title='No More Love', Artist='Penny Tai', State='Playing'
12:53:13 - Title='No More Love', Artist='Penny Tai', State='Playing'
12:53:15 - Title='No More Love', Artist='Penny Tai', State='Playing'
12:53:17 - Title='No More Love', Artist='Penny Tai', State='Playing'
12:53:19 - Title='No More Love', Artist='Penny Tai', State='Playing'
12:53:21 - Title='No More Love', Artist='Penny Tai', State='Playing'
12:53:23 - Title='No More Love', Artist='Penny Tai', State='Playing'
12:53:25 - Title='No More Love', Artist='Penny Tai', State='Playing'
12:53:27 - Title='No More Love', Artist='Penny Tai', State='Playing'
12:53:29 - Title='No More Love', Artist='Penny Tai', State='Playing'
12:53:31 - Title='No More Love', Artist='Penny Tai', State='Playing'
12:53:33 - Title='No More Love', Artist='Penny Tai', State='Playing'
12:53:35 - Title='No More Love', Artist='Penny Tai', State='Playing'
12:53:37 - Title='No More Love', Artist='Penny Tai', State='Playing'
12:53:39 - Title='No More Love', Artist='Penny Tai', State='Playing'
12:53:41 - Title='No More Love', Artist='Penny Tai', State='Playing'
12:53:43 - Title='No More Love', Artist='Penny Tai', State='Playing'
12:53:45 - Title='No More Love', Artist='Penny Tai', State='Playing'
12:53:47 - Title='No More Love', Artist='Penny Tai', State='Playing'
12:53:49 - Title='No More Love', Artist='Penny Tai', State='Playing'
12:53:51 - Title='No More Love', Artist='Penny Tai', State='Playing'
12:53:53 - Title='No More Love', Artist='Penny Tai', State='Playing'
12:53:55 - Title='No More Love', Artist='Penny Tai', State='Playing'
12:53:57 - Title='No More Love', Artist='Penny Tai', State='Playing'
12:53:59 - Title='No More Love', Artist='Penny Tai', State='Playing'
12:54:01 - Title='No More Love', Artist='Penny Tai', State='Playing'
12:54:03 - Title='No More Love', Artist='Penny Tai', State='Playing'
12:54:05 - Title='No More Love', Artist='Penny Tai', State='Playing'
12:54:07 - Title='No More Love', Artist='Penny Tai', State='Playing'
12:54:09 - Title='No More Love', Artist='Penny Tai', State='Playing'
12:54:11 - Title='No More Love', Artist='Penny Tai', State='Playing'
12:54:13 - Title='No More Love', Artist='Penny Tai', State='Playing'
12:54:15 - Title='No More Love', Artist='Penny Tai', State='Playing'
12:54:17 - Title='No More Love', Artist='Penny Tai', State='Playing'
12:54:19 - Title='No More Love', Artist='Penny Tai', State='Playing'
12:54:21 - Title='No More Love', Artist='Penny Tai', State='Playing'
12:54:23 - Title='No More Love', Artist='Penny Tai', State='Playing'
12:54:25 - Title='No More Love', Artist='Penny Tai', State='Playing'
12:54:27 - Title='No More Love', Artist='Penny Tai', State='Playing'
12:54:29 - Title='No More Love', Artist='Penny Tai', State='Playing'
12:54:31 - Title='No More Love', Artist='Penny Tai', State='Playing'
12:54:33 - Title='No More Love', Artist='Penny Tai', State='Playing'
12:54:35 - Title='No More Love', Artist='Penny Tai', State='Playing'
12:54:37 - Title='No More Love', Artist='Penny Tai', State='Playing'
12:54:39 - Title='No More Love', Artist='Penny Tai', State='Playing'
12:54:41 - Title='No More Love', Artist='Penny Tai', State='Playing'
12:54:43 - Title='No More Love', Artist='Penny Tai', State='Playing'
12:54:45 - Title='No More Love', Artist='Penny Tai', State='Playing'
12:54:47 - Title='No More Love', Artist='Penny Tai', State='Playing'
12:54:49 - Title='No More Love', Artist='Penny Tai', State='Playing'
12:54:51 - Title='No More Love', Artist='Penny Tai', State='Playing'
12:54:53 - Title='No More Love', Artist='Penny Tai', State='Playing'
12:54:55 - Title='No More Love', Artist='Penny Tai', State='Playing'
12:54:57 - Title='No More Love', Artist='Penny Tai', State='Playing'
12:54:59 - Title='No More Love', Artist='Penny Tai', State='Playing'
12:55:01 - Title='No More Love', Artist='Penny Tai', State='Playing'
12:55:03 - Title='No More Love', Artist='Penny Tai', State='Playing'
12:55:05 - Title='No More Love', Artist='Penny Tai', State='Playing'
12:55:07 - Title='No More Love', Artist='Penny Tai', State='Playing'
12:55:09 - Title='No More Love', Artist='Penny Tai', State='Playing'
12:55:11 - Title='No More Love', Artist='Penny Tai', State='Playing'
12:55:13 - Title='No More Love', Artist='Penny Tai', State='Playing'
12:55:15 - Title='No More Love', Artist='Penny Tai', State='Playing'
12:55:17 - Title='No More Love', Artist='Penny Tai', State='Playing'
12:55:19 - Title='No More Love', Artist='Penny Tai', State='Playing'
12:55:21 - Title='No More Love', Artist='Penny Tai', State='Playing'
12:55:23 - Title='No More Love', Artist='Penny Tai', State='Playing'
12:55:25 - Title='No More Love', Artist='Penny Tai', State='Playing'
12:55:27 - Title='No More Love', Artist='Penny Tai', State='Playing'
12:55:29 - Title='No More Love', Artist='Penny Tai', State='Playing'
12:55:31 - Title='No More Love', Artist='Penny Tai', State='Playing'
12:55:32 - Title='Leave It As It', Artist='Penny Tai', State='Playing'
12:55:33 - Title='Leave It As It', Artist='Penny Tai', State='Playing'
12:55:35 - Title='Leave It As It', Artist='Penny Tai', State='Playing'
12:55:37 - Title='Leave It As It', Artist='Penny Tai', State='Playing'
12:55:39 - Title='Leave It As It', Artist='Penny Tai', State='Playing'
12:55:41 - Title='Leave It As It', Artist='Penny Tai', State='Playing'
12:55:43 - Title='Leave It As It', Artist='Penny Tai', State='Playing'
12:55:45 - Title='Leave It As It', Artist='Penny Tai', State='Playing'
12:55:47 - Title='Leave It As It', Artist='Penny Tai', State='Playing'
12:55:49 - Title='Leave It As It', Artist='Penny Tai', State='Playing'
12:55:51 - Title='Leave It As It', Artist='Penny Tai', State='Playing'
12:55:53 - Title='Leave It As It', Artist='Penny Tai', State='Playing'
12:55:55 - Title='Leave It As It', Artist='Penny Tai', State='Playing'
12:55:57 - Title='Leave It As It', Artist='Penny Tai', State='Playing'
12:55:59 - Title='Leave It As It', Artist='Penny Tai', State='Playing'
12:56:01 - Title='Leave It As It', Artist='Penny Tai', State='Playing'
12:56:02 - Title='Leave It As It', Artist='Penny Tai', State='Playing'
12:56:04 - Title='Leave It As It', Artist='Penny Tai', State='Playing'
12:56:06 - Title='Leave It As It', Artist='Penny Tai', State='Playing'
12:56:08 - Title='Leave It As It', Artist='Penny Tai', State='Playing'
12:56:10 - Title='Leave It As It', Artist='Penny Tai', State='Playing'
12:56:14 - Title='Leave It As It', Artist='Penny Tai', State='Playing'
12:56:16 - Title='Leave It As It', Artist='Penny Tai', State='Playing'
12:56:18 - Title='Leave It As It', Artist='Penny Tai', State='Playing'
12:56:20 - Title='Leave It As It', Artist='Penny Tai', State='Playing'
12:56:22 - Title='Leave It As It', Artist='Penny Tai', State='Playing'
12:56:24 - Title='Leave It As It', Artist='Penny Tai', State='Playing'
12:56:26 - Title='Leave It As It', Artist='Penny Tai', State='Playing'
12:56:28 - Title='Leave It As It', Artist='Penny Tai', State='Playing'
12:56:30 - Title='Leave It As It', Artist='Penny Tai', State='Playing'
12:56:32 - Title='Leave It As It', Artist='Penny Tai', State='Playing'
12:56:34 - Title='Leave It As It', Artist='Penny Tai', State='Playing'
12:56:36 - Title='Leave It As It', Artist='Penny Tai', State='Playing'
12:56:38 - Title='Leave It As It', Artist='Penny Tai', State='Playing'
12:56:40 - Title='Leave It As It', Artist='Penny Tai', State='Playing'
12:56:42 - Title='Leave It As It', Artist='Penny Tai', State='Playing'
12:56:44 - Title='Leave It As It', Artist='Penny Tai', State='Playing'
12:56:46 - Title='Leave It As It', Artist='Penny Tai', State='Playing'
12:56:48 - Title='Leave It As It', Artist='Penny Tai', State='Playing'
12:56:50 - Title='Leave It As It', Artist='Penny Tai', State='Playing'
12:56:52 - Title='Leave It As It', Artist='Penny Tai', State='Playing'
12:56:54 - Title='Leave It As It', Artist='Penny Tai', State='Playing'
12:56:56 - Title='Leave It As It', Artist='Penny Tai', State='Playing'
12:56:58 - Title='Leave It As It', Artist='Penny Tai', State='Playing'
12:57:00 - Title='Leave It As It', Artist='Penny Tai', State='Playing'
12:57:02 - Title='Leave It As It', Artist='Penny Tai', State='Playing'
12:57:04 - Title='Leave It As It', Artist='Penny Tai', State='Playing'
12:57:06 - Title='Leave It As It', Artist='Penny Tai', State='Playing'
12:57:08 - Title='Leave It As It', Artist='Penny Tai', State='Playing'
12:57:10 - Title='Leave It As It', Artist='Penny Tai', State='Playing'
12:57:12 - Title='Leave It As It', Artist='Penny Tai', State='Playing'
12:57:14 - Title='Leave It As It', Artist='Penny Tai', State='Playing'
12:57:16 - Title='Leave It As It', Artist='Penny Tai', State='Playing'
12:57:17 - Title='Leave It As It', Artist='Penny Tai', State='Playing'
12:57:19 - Title='Leave It As It', Artist='Penny Tai', State='Playing'
12:57:20 - Title='Leave It As It', Artist='Penny Tai', State='Playing'
12:57:22 - Title='Leave It As It', Artist='Penny Tai', State='Playing'
12:57:24 - Title='Leave It As It', Artist='Penny Tai', State='Playing'
12:57:26 - Title='Leave It As It', Artist='Penny Tai', State='Playing'
12:57:28 - Title='Leave It As It', Artist='Penny Tai', State='Playing'
12:57:30 - Title='Leave It As It', Artist='Penny Tai', State='Playing'
12:57:32 - Title='Leave It As It', Artist='Penny Tai', State='Playing'
12:57:34 - Title='Leave It As It', Artist='Penny Tai', State='Playing'
12:57:36 - Title='Leave It As It', Artist='Penny Tai', State='Playing'
12:57:38 - Title='Leave It As It', Artist='Penny Tai', State='Playing'
12:57:40 - Title='Leave It As It', Artist='Penny Tai', State='Playing'
12:57:42 - Title='Leave It As It', Artist='Penny Tai', State='Playing'
12:57:44 - Title='Leave It As It', Artist='Penny Tai', State='Playing'
12:57:46 - Title='Leave It As It', Artist='Penny Tai', State='Playing'
12:57:48 - Title='Leave It As It', Artist='Penny Tai', State='Playing'
12:57:50 - Title='Leave It As It', Artist='Penny Tai', State='Playing'
12:57:52 - Title='Leave It As It', Artist='Penny Tai', State='Playing'
12:57:54 - Title='Leave It As It', Artist='Penny Tai', State='Playing'
12:57:56 - Title='Leave It As It', Artist='Penny Tai', State='Playing'
12:57:58 - Title='Leave It As It', Artist='Penny Tai', State='Playing'
12:58:00 - Title='Leave It As It', Artist='Penny Tai', State='Playing'
12:58:02 - Title='Leave It As It', Artist='Penny Tai', State='Playing'
12:58:04 - Title='Leave It As It', Artist='Penny Tai', State='Playing'
12:58:06 - Title='Leave It As It', Artist='Penny Tai', State='Playing'
12:58:08 - Title='Leave It As It', Artist='Penny Tai', State='Playing'
12:58:10 - Title='Leave It As It', Artist='Penny Tai', State='Playing'
12:58:12 - Title='Leave It As It', Artist='Penny Tai', State='Playing'
12:58:14 - Title='Leave It As It', Artist='Penny Tai', State='Playing'
12:58:16 - Title='Leave It As It', Artist='Penny Tai', State='Playing'
12:58:18 - Title='Leave It As It', Artist='Penny Tai', State='Playing'
12:58:20 - Title='Leave It As It', Artist='Penny Tai', State='Playing'
12:58:22 - Title='Leave It As It', Artist='Penny Tai', State='Playing'
12:58:24 - Title='Leave It As It', Artist='Penny Tai', State='Playing'
12:58:26 - Title='Leave It As It', Artist='Penny Tai', State='Playing'
12:58:28 - Title='Leave It As It', Artist='Penny Tai', State='Playing'
12:58:30 - Title='Leave It As It', Artist='Penny Tai', State='Playing'
12:58:32 - Title='Leave It As It', Artist='Penny Tai', State='Playing'
12:58:34 - Title='Leave It As It', Artist='Penny Tai', State='Playing'
12:58:36 - Title='Leave It As It', Artist='Penny Tai', State='Playing'
12:58:39 - Title='Leave It As It', Artist='Penny Tai', State='Playing'
12:58:40 - Title='Leave It As It', Artist='Penny Tai', State='Playing'
12:58:42 - Title='Leave It As It', Artist='Penny Tai', State='Playing'
12:58:44 - Title='Leave It As It', Artist='Penny Tai', State='Playing'
12:58:46 - Title='Over', Artist='Penny Tai', State='Playing'
12:58:47 - Title='Over', Artist='Penny Tai', State='Playing'
12:58:49 - Title='Over', Artist='Penny Tai', State='Playing'
12:58:51 - Title='Over', Artist='Penny Tai', State='Playing'
12:58:53 - Title='Over', Artist='Penny Tai', State='Playing'
12:58:55 - Title='Over', Artist='Penny Tai', State='Playing'
12:58:57 - Title='Over', Artist='Penny Tai', State='Playing'
12:58:59 - Title='Over', Artist='Penny Tai', State='Playing'
12:59:01 - Title='Over', Artist='Penny Tai', State='Playing'
12:59:03 - Title='Over', Artist='Penny Tai', State='Playing'
12:59:05 - Title='Over', Artist='Penny Tai', State='Playing'
12:59:07 - Title='Over', Artist='Penny Tai', State='Playing'
12:59:09 - Title='Over', Artist='Penny Tai', State='Playing'
12:59:11 - Title='Over', Artist='Penny Tai', State='Playing'
12:59:13 - Title='Over', Artist='Penny Tai', State='Playing'
12:59:15 - Title='Over', Artist='Penny Tai', State='Playing'
12:59:17 - Title='Over', Artist='Penny Tai', State='Playing'
12:59:19 - Title='Over', Artist='Penny Tai', State='Playing'
12:59:21 - Title='Over', Artist='Penny Tai', State='Playing'
12:59:23 - Title='Over', Artist='Penny Tai', State='Playing'
12:59:25 - Title='Over', Artist='Penny Tai', State='Playing'
12:59:27 - Title='Over', Artist='Penny Tai', State='Playing'
12:59:29 - Title='Over', Artist='Penny Tai', State='Playing'
12:59:31 - Title='Over', Artist='Penny Tai', State='Playing'
12:59:33 - Title='Over', Artist='Penny Tai', State='Playing'
12:59:35 - Title='Over', Artist='Penny Tai', State='Playing'
12:59:37 - Title='Over', Artist='Penny Tai', State='Playing'
12:59:39 - Title='Over', Artist='Penny Tai', State='Playing'
12:59:41 - Title='Over', Artist='Penny Tai', State='Playing'
12:59:43 - Title='Over', Artist='Penny Tai', State='Playing'
12:59:45 - Title='Over', Artist='Penny Tai', State='Playing'
12:59:47 - Title='Over', Artist='Penny Tai', State='Playing'
12:59:49 - Title='Over', Artist='Penny Tai', State='Playing'
12:59:51 - Title='Over', Artist='Penny Tai', State='Playing'
12:59:53 - Title='Over', Artist='Penny Tai', State='Playing'
12:59:55 - Title='Over', Artist='Penny Tai', State='Playing'
12:59:57 - Title='Over', Artist='Penny Tai', State='Playing'
12:59:59 - Title='Over', Artist='Penny Tai', State='Playing'
13:00:01 - Title='Over', Artist='Penny Tai', State='Playing'
13:00:03 - Title='Over', Artist='Penny Tai', State='Playing'
13:00:05 - Title='Over', Artist='Penny Tai', State='Playing'
13:00:07 - Title='Over', Artist='Penny Tai', State='Playing'
13:00:09 - Title='Over', Artist='Penny Tai', State='Playing'
13:00:11 - Title='Over', Artist='Penny Tai', State='Playing'
13:00:13 - Title='Over', Artist='Penny Tai', State='Playing'
13:00:15 - Title='Over', Artist='Penny Tai', State='Playing'
13:00:17 - Title='Over', Artist='Penny Tai', State='Playing'
13:00:19 - Title='Over', Artist='Penny Tai', State='Playing'
13:00:21 - Title='Over', Artist='Penny Tai', State='Playing'
13:00:23 - Title='Over', Artist='Penny Tai', State='Playing'
13:00:25 - Title='Over', Artist='Penny Tai', State='Playing'
13:00:27 - Title='Over', Artist='Penny Tai', State='Playing'
13:00:29 - Title='Over', Artist='Penny Tai', State='Playing'
13:00:31 - Title='Over', Artist='Penny Tai', State='Playing'
13:00:33 - Title='Over', Artist='Penny Tai', State='Playing'
13:00:35 - Title='Over', Artist='Penny Tai', State='Playing'
13:00:37 - Title='Over', Artist='Penny Tai', State='Playing'
13:00:39 - Title='Over', Artist='Penny Tai', State='Playing'
13:00:41 - Title='Over', Artist='Penny Tai', State='Playing'
13:00:43 - Title='Over', Artist='Penny Tai', State='Playing'
13:00:45 - Title='Over', Artist='Penny Tai', State='Playing'
13:00:47 - Title='Over', Artist='Penny Tai', State='Playing'
13:00:49 - Title='Over', Artist='Penny Tai', State='Playing'
13:00:51 - Title='Over', Artist='Penny Tai', State='Playing'
13:00:53 - Title='Over', Artist='Penny Tai', State='Playing'
13:00:55 - Title='Over', Artist='Penny Tai', State='Playing'
13:00:57 - Title='Over', Artist='Penny Tai', State='Playing'
13:00:59 - Title='Over', Artist='Penny Tai', State='Playing'
13:01:01 - Title='Over', Artist='Penny Tai', State='Playing'
13:01:03 - Title='Over', Artist='Penny Tai', State='Playing'
13:01:05 - Title='Over', Artist='Penny Tai', State='Playing'
13:01:07 - Title='Over', Artist='Penny Tai', State='Playing'
13:01:09 - Title='Over', Artist='Penny Tai', State='Playing'
13:01:11 - Title='Over', Artist='Penny Tai', State='Playing'
13:01:13 - Title='Over', Artist='Penny Tai', State='Playing'
13:01:15 - Title='Over', Artist='Penny Tai', State='Playing'
13:01:17 - Title='Over', Artist='Penny Tai', State='Playing'
13:01:19 - Title='Over', Artist='Penny Tai', State='Playing'
13:01:21 - Title='Over', Artist='Penny Tai', State='Playing'
13:01:23 - Title='Over', Artist='Penny Tai', State='Playing'
13:01:25 - Title='Over', Artist='Penny Tai', State='Playing'
13:01:27 - Title='Over', Artist='Penny Tai', State='Playing'
13:01:29 - Title='Over', Artist='Penny Tai', State='Playing'
13:01:31 - Title='Over', Artist='Penny Tai', State='Playing'
13:01:33 - Title='Over', Artist='Penny Tai', State='Playing'
13:01:35 - Title='Over', Artist='Penny Tai', State='Playing'
13:01:37 - Title='Over', Artist='Penny Tai', State='Playing'
13:01:39 - Title='Over', Artist='Penny Tai', State='Playing'
13:01:41 - Title='Over', Artist='Penny Tai', State='Playing'
13:01:43 - Title='Over', Artist='Penny Tai', State='Playing'
13:01:45 - Title='Over', Artist='Penny Tai', State='Playing'
13:01:47 - Title='Over', Artist='Penny Tai', State='Playing'
13:01:49 - Title='Over', Artist='Penny Tai', State='Playing'
13:01:51 - Title='Over', Artist='Penny Tai', State='Playing'
13:01:53 - Title='Over', Artist='Penny Tai', State='Playing'
13:01:55 - Title='Over', Artist='Penny Tai', State='Playing'
13:01:57 - Title='Over', Artist='Penny Tai', State='Playing'
13:01:59 - Title='Over', Artist='Penny Tai', State='Playing'
13:02:01 - Title='Over', Artist='Penny Tai', State='Playing'
13:02:03 - Title='Over', Artist='Penny Tai', State='Playing'
13:02:05 - Title='Over', Artist='Penny Tai', State='Playing'
13:02:07 - Title='Over', Artist='Penny Tai', State='Playing'
13:02:09 - Title='Over', Artist='Penny Tai', State='Playing'
13:02:11 - Title='Over', Artist='Penny Tai', State='Playing'
13:02:13 - Title='Over', Artist='Penny Tai', State='Playing'
13:02:15 - Title='Over', Artist='Penny Tai', State='Playing'
13:02:17 - Title='Over', Artist='Penny Tai', State='Playing'
13:02:19 - Title='Over', Artist='Penny Tai', State='Playing'
13:02:21 - Title='Over', Artist='Penny Tai', State='Playing'
13:02:23 - Title='Over', Artist='Penny Tai', State='Playing'
13:02:25 - Title='Over', Artist='Penny Tai', State='Playing'
13:02:27 - Title='Over', Artist='Penny Tai', State='Playing'
13:02:29 - Title='Over', Artist='Penny Tai', State='Playing'
13:02:31 - Title='Over', Artist='Penny Tai', State='Playing'
13:02:33 - Title='Over', Artist='Penny Tai', State='Playing'
13:02:35 - Title='Over', Artist='Penny Tai', State='Playing'
13:02:37 - Title='Over', Artist='Penny Tai', State='Playing'
13:02:39 - Title='Over', Artist='Penny Tai', State='Playing'
13:02:41 - Title='Over', Artist='Penny Tai', State='Playing'
13:02:43 - Title='Over', Artist='Penny Tai', State='Playing'
13:02:45 - Title='Over', Artist='Penny Tai', State='Playing'
13:02:47 - Title='Over', Artist='Penny Tai', State='Playing'
13:02:49 - Title='Over', Artist='Penny Tai', State='Playing'
13:02:50 - Title='Hugging', Artist='Penny Tai', State='Playing'
13:02:51 - Title='Hugging', Artist='Penny Tai', State='Playing'
13:02:53 - Title='Hugging', Artist='Penny Tai', State='Playing'
13:02:55 - Title='Hugging', Artist='Penny Tai', State='Playing'
13:02:57 - Title='Hugging', Artist='Penny Tai', State='Playing'
13:02:59 - Title='Hugging', Artist='Penny Tai', State='Playing'
13:03:01 - Title='Hugging', Artist='Penny Tai', State='Playing'
13:03:03 - Title='Hugging', Artist='Penny Tai', State='Playing'
13:03:05 - Title='Hugging', Artist='Penny Tai', State='Playing'
13:03:07 - Title='Hugging', Artist='Penny Tai', State='Playing'
13:03:09 - Title='Hugging', Artist='Penny Tai', State='Playing'
13:03:11 - Title='Hugging', Artist='Penny Tai', State='Playing'
13:03:13 - Title='Hugging', Artist='Penny Tai', State='Playing'
13:03:15 - Title='Hugging', Artist='Penny Tai', State='Playing'
13:03:17 - Title='Hugging', Artist='Penny Tai', State='Playing'
13:03:19 - Title='Hugging', Artist='Penny Tai', State='Playing'
13:03:21 - Title='Hugging', Artist='Penny Tai', State='Playing'
13:03:23 - Title='Hugging', Artist='Penny Tai', State='Playing'
13:03:25 - Title='Hugging', Artist='Penny Tai', State='Playing'
13:03:27 - Title='Hugging', Artist='Penny Tai', State='Playing'
13:03:29 - Title='Hugging', Artist='Penny Tai', State='Playing'
13:03:31 - Title='Hugging', Artist='Penny Tai', State='Playing'
13:03:33 - Title='Hugging', Artist='Penny Tai', State='Playing'
13:03:35 - Title='Hugging', Artist='Penny Tai', State='Playing'
13:03:37 - Title='Hugging', Artist='Penny Tai', State='Playing'
13:03:39 - Title='Hugging', Artist='Penny Tai', State='Playing'
13:03:41 - Title='Hugging', Artist='Penny Tai', State='Playing'
13:03:43 - Title='Hugging', Artist='Penny Tai', State='Playing'
13:03:45 - Title='Hugging', Artist='Penny Tai', State='Playing'
13:03:47 - Title='Hugging', Artist='Penny Tai', State='Playing'
13:03:49 - Title='Hugging', Artist='Penny Tai', State='Playing'
13:03:51 - Title='Hugging', Artist='Penny Tai', State='Playing'
13:03:53 - Title='Hugging', Artist='Penny Tai', State='Playing'
13:03:55 - Title='Hugging', Artist='Penny Tai', State='Playing'
13:03:57 - Title='Hugging', Artist='Penny Tai', State='Playing'
13:03:59 - Title='Hugging', Artist='Penny Tai', State='Playing'
13:04:01 - Title='Hugging', Artist='Penny Tai', State='Playing'
13:04:03 - Title='Hugging', Artist='Penny Tai', State='Playing'
13:04:05 - Title='Hugging', Artist='Penny Tai', State='Playing'
13:04:07 - Title='Hugging', Artist='Penny Tai', State='Playing'
13:04:09 - Title='Hugging', Artist='Penny Tai', State='Playing'
13:04:11 - Title='Hugging', Artist='Penny Tai', State='Playing'
13:04:13 - Title='Hugging', Artist='Penny Tai', State='Playing'
13:04:15 - Title='Hugging', Artist='Penny Tai', State='Playing'
13:04:17 - Title='Hugging', Artist='Penny Tai', State='Playing'
13:04:19 - Title='Hugging', Artist='Penny Tai', State='Playing'
13:04:21 - Title='Hugging', Artist='Penny Tai', State='Playing'
13:04:23 - Title='Hugging', Artist='Penny Tai', State='Playing'
13:04:25 - Title='Hugging', Artist='Penny Tai', State='Playing'
13:04:27 - Title='Hugging', Artist='Penny Tai', State='Playing'
13:04:29 - Title='Hugging', Artist='Penny Tai', State='Playing'
13:04:31 - Title='Hugging', Artist='Penny Tai', State='Playing'
13:04:33 - Title='Hugging', Artist='Penny Tai', State='Playing'
13:04:35 - Title='Hugging', Artist='Penny Tai', State='Playing'
13:04:37 - Title='Hugging', Artist='Penny Tai', State='Playing'
13:04:39 - Title='Hugging', Artist='Penny Tai', State='Playing'
13:04:41 - Title='Hugging', Artist='Penny Tai', State='Playing'
13:04:43 - Title='Hugging', Artist='Penny Tai', State='Playing'
13:04:45 - Title='Hugging', Artist='Penny Tai', State='Playing'
13:04:47 - Title='Hugging', Artist='Penny Tai', State='Playing'
13:04:49 - Title='Hugging', Artist='Penny Tai', State='Playing'
13:04:51 - Title='Hugging', Artist='Penny Tai', State='Playing'
13:04:53 - Title='Hugging', Artist='Penny Tai', State='Playing'
13:04:55 - Title='Hugging', Artist='Penny Tai', State='Playing'
13:04:57 - Title='Hugging', Artist='Penny Tai', State='Playing'
13:04:59 - Title='Hugging', Artist='Penny Tai', State='Playing'
13:05:01 - Title='Hugging', Artist='Penny Tai', State='Playing'
13:05:03 - Title='Hugging', Artist='Penny Tai', State='Playing'
13:05:05 - Title='Hugging', Artist='Penny Tai', State='Playing'
13:05:07 - Title='Hugging', Artist='Penny Tai', State='Playing'
13:05:09 - Title='Hugging', Artist='Penny Tai', State='Playing'
13:05:11 - Title='Hugging', Artist='Penny Tai', State='Playing'
13:05:13 - Title='Hugging', Artist='Penny Tai', State='Playing'
13:05:15 - Title='Hugging', Artist='Penny Tai', State='Playing'
13:05:17 - Title='Hugging', Artist='Penny Tai', State='Playing'
13:05:19 - Title='Hugging', Artist='Penny Tai', State='Playing'
13:05:21 - Title='Hugging', Artist='Penny Tai', State='Playing'
13:05:23 - Title='Hugging', Artist='Penny Tai', State='Playing'
13:05:25 - Title='Hugging', Artist='Penny Tai', State='Playing'
13:05:27 - Title='Hugging', Artist='Penny Tai', State='Playing'
13:05:29 - Title='Hugging', Artist='Penny Tai', State='Playing'
13:05:31 - Title='Hugging', Artist='Penny Tai', State='Playing'
13:05:33 - Title='Hugging', Artist='Penny Tai', State='Playing'
13:05:35 - Title='Hugging', Artist='Penny Tai', State='Playing'
13:05:37 - Title='Hugging', Artist='Penny Tai', State='Playing'
13:05:39 - Title='Hugging', Artist='Penny Tai', State='Playing'
13:05:41 - Title='Hugging', Artist='Penny Tai', State='Playing'
13:05:43 - Title='Hugging', Artist='Penny Tai', State='Playing'
13:05:45 - Title='Hugging', Artist='Penny Tai', State='Playing'
13:05:47 - Title='Hugging', Artist='Penny Tai', State='Playing'
13:05:49 - Title='Hugging', Artist='Penny Tai', State='Playing'
13:05:51 - Title='Hugging', Artist='Penny Tai', State='Playing'
13:05:53 - Title='Hugging', Artist='Penny Tai', State='Playing'
13:05:55 - Title='Hugging', Artist='Penny Tai', State='Playing'
13:05:57 - Title='Hugging', Artist='Penny Tai', State='Playing'
13:05:59 - Title='Hugging', Artist='Penny Tai', State='Playing'
13:06:01 - Title='Hugging', Artist='Penny Tai', State='Playing'
13:06:03 - Title='Hugging', Artist='Penny Tai', State='Playing'
13:06:05 - Title='Hugging', Artist='Penny Tai', State='Playing'
13:06:07 - Title='Hugging', Artist='Penny Tai', State='Playing'
13:06:09 - Title='Hugging', Artist='Penny Tai', State='Playing'
13:06:11 - Title='Hugging', Artist='Penny Tai', State='Playing'
13:06:13 - Title='Hugging', Artist='Penny Tai', State='Playing'
13:06:15 - Title='Hugging', Artist='Penny Tai', State='Playing'
13:06:17 - Title='Hugging', Artist='Penny Tai', State='Playing'
13:06:19 - Title='Hugging', Artist='Penny Tai', State='Playing'
13:06:21 - Title='Hugging', Artist='Penny Tai', State='Playing'
13:06:23 - Title='Hugging', Artist='Penny Tai', State='Playing'
13:06:25 - Title='Hugging', Artist='Penny Tai', State='Playing'
13:06:27 - Title='Hugging', Artist='Penny Tai', State='Playing'
13:06:29 - Title='Hugging', Artist='Penny Tai', State='Playing'
13:06:31 - Title='Hugging', Artist='Penny Tai', State='Playing'
13:06:33 - Title='Hugging', Artist='Penny Tai', State='Playing'
13:06:35 - Title='Hugging', Artist='Penny Tai', State='Playing'
13:06:37 - Title='Hugging', Artist='Penny Tai', State='Playing'
13:06:39 - Title='Hugging', Artist='Penny Tai', State='Playing'
13:06:41 - Title='Hugging', Artist='Penny Tai', State='Playing'
13:06:43 - Title='Hugging', Artist='Penny Tai', State='Playing'
13:06:45 - Title='Hugging', Artist='Penny Tai', State='Playing'
13:06:47 - Title='Hugging', Artist='Penny Tai', State='Playing'
13:06:49 - Title='Hugging', Artist='Penny Tai', State='Playing'
13:06:51 - Title='Hugging', Artist='Penny Tai', State='Playing'
13:06:53 - Title='Hugging', Artist='Penny Tai', State='Playing'
13:06:55 - Title='Hugging', Artist='Penny Tai', State='Playing'
13:06:57 - Title='Hugging', Artist='Penny Tai', State='Playing'
13:06:59 - Title='Hugging', Artist='Penny Tai', State='Playing'
13:07:01 - Title='Hugging', Artist='Penny Tai', State='Playing'
13:07:03 - Title='Hugging', Artist='Penny Tai', State='Playing'
13:07:05 - Title='Hugging', Artist='Penny Tai', State='Playing'
13:07:07 - Title='Hugging', Artist='Penny Tai', State='Playing'
13:07:09 - Title='Hugging', Artist='Penny Tai', State='Playing'
13:07:11 - Title='Hugging', Artist='Penny Tai', State='Playing'
13:07:13 - Title='Hugging', Artist='Penny Tai', State='Playing'
13:07:15 - Title='Hugging', Artist='Penny Tai', State='Playing'
13:07:17 - Title='Hugging', Artist='Penny Tai', State='Playing'
13:07:19 - Title='Hugging', Artist='Penny Tai', State='Playing'
13:07:21 - Title='Hugging', Artist='Penny Tai', State='Playing'
13:07:23 - Title='Hugging', Artist='Penny Tai', State='Playing'
13:07:25 - Title='Hugging', Artist='Penny Tai', State='Playing'
13:07:27 - Title='Hugging', Artist='Penny Tai', State='Playing'
13:07:29 - Title='Hugging', Artist='Penny Tai', State='Playing'
13:07:31 - Title='Hugging', Artist='Penny Tai', State='Playing'
13:07:33 - Title='Hugging', Artist='Penny Tai', State='Playing'
13:07:35 - Title='Hugging', Artist='Penny Tai', State='Playing'
13:07:37 - Title='Hugging', Artist='Penny Tai', State='Playing'
13:07:39 - Title='Hugging', Artist='Penny Tai', State='Playing'
13:07:41 - Title='Hugging', Artist='Penny Tai', State='Playing'
13:07:43 - Title='Hugging', Artist='Penny Tai', State='Playing'
13:07:45 - Title='Hugging', Artist='Penny Tai', State='Playing'
13:07:47 - Title='Hugging', Artist='Penny Tai', State='Playing'
13:07:49 - Title='Hugging', Artist='Penny Tai', State='Playing'
13:07:51 - Title='Hugging', Artist='Penny Tai', State='Playing'
13:07:53 - Title='Hugging', Artist='Penny Tai', State='Playing'
13:07:55 - Title='Hugging', Artist='Penny Tai', State='Playing'
13:07:57 - Title='Hugging', Artist='Penny Tai', State='Playing'
13:07:59 - Title='Hugging', Artist='Penny Tai', State='Playing'
13:08:01 - Title='Hugging', Artist='Penny Tai', State='Playing'
13:08:03 - Title='Hugging', Artist='Penny Tai', State='Playing'
13:08:05 - Title='Hugging', Artist='Penny Tai', State='Playing'
13:08:07 - Title='Hugging', Artist='Penny Tai', State='Playing'
13:08:09 - Title='Hugging', Artist='Penny Tai', State='Playing'
13:08:11 - Title='Hugging', Artist='Penny Tai', State='Playing'
13:08:11 - Title='Twin Flame', Artist='Penny Tai', State='Playing'
13:08:11 - Title='Twin Flame', Artist='Penny Tai', State='Playing'
13:08:13 - Title='Twin Flame', Artist='Penny Tai', State='Playing'
13:08:15 - Title='Twin Flame', Artist='Penny Tai', State='Playing'
13:08:17 - Title='Twin Flame', Artist='Penny Tai', State='Playing'
13:08:19 - Title='Twin Flame', Artist='Penny Tai', State='Playing'
13:08:21 - Title='Twin Flame', Artist='Penny Tai', State='Playing'
13:08:23 - Title='Twin Flame', Artist='Penny Tai', State='Playing'
13:08:25 - Title='Twin Flame', Artist='Penny Tai', State='Playing'
13:08:27 - Title='Twin Flame', Artist='Penny Tai', State='Playing'
13:08:29 - Title='Twin Flame', Artist='Penny Tai', State='Playing'
13:08:31 - Title='Twin Flame', Artist='Penny Tai', State='Playing'
13:08:33 - Title='Twin Flame', Artist='Penny Tai', State='Playing'
13:08:35 - Title='Twin Flame', Artist='Penny Tai', State='Playing'
13:08:37 - Title='Twin Flame', Artist='Penny Tai', State='Playing'
13:08:39 - Title='Twin Flame', Artist='Penny Tai', State='Playing'
13:08:41 - Title='Twin Flame', Artist='Penny Tai', State='Playing'
13:08:43 - Title='Twin Flame', Artist='Penny Tai', State='Playing'
13:08:45 - Title='Twin Flame', Artist='Penny Tai', State='Playing'
13:08:47 - Title='Twin Flame', Artist='Penny Tai', State='Playing'
13:08:49 - Title='Twin Flame', Artist='Penny Tai', State='Playing'
13:08:51 - Title='Twin Flame', Artist='Penny Tai', State='Playing'
13:08:53 - Title='Twin Flame', Artist='Penny Tai', State='Playing'
13:08:55 - Title='Twin Flame', Artist='Penny Tai', State='Playing'
13:08:57 - Title='Twin Flame', Artist='Penny Tai', State='Playing'
13:08:59 - Title='Twin Flame', Artist='Penny Tai', State='Playing'
13:09:01 - Title='Twin Flame', Artist='Penny Tai', State='Playing'
13:09:03 - Title='Twin Flame', Artist='Penny Tai', State='Playing'
13:09:05 - Title='Twin Flame', Artist='Penny Tai', State='Playing'
13:09:07 - Title='Twin Flame', Artist='Penny Tai', State='Playing'
13:09:09 - Title='Twin Flame', Artist='Penny Tai', State='Playing'
13:09:11 - Title='Twin Flame', Artist='Penny Tai', State='Playing'
13:09:13 - Title='Twin Flame', Artist='Penny Tai', State='Playing'
13:09:15 - Title='Twin Flame', Artist='Penny Tai', State='Playing'
13:09:17 - Title='Twin Flame', Artist='Penny Tai', State='Playing'
13:09:19 - Title='Twin Flame', Artist='Penny Tai', State='Playing'
13:09:21 - Title='Twin Flame', Artist='Penny Tai', State='Playing'
13:09:23 - Title='Twin Flame', Artist='Penny Tai', State='Playing'
13:09:25 - Title='Twin Flame', Artist='Penny Tai', State='Playing'
13:09:27 - Title='Twin Flame', Artist='Penny Tai', State='Playing'
13:09:29 - Title='Twin Flame', Artist='Penny Tai', State='Playing'
13:09:31 - Title='Twin Flame', Artist='Penny Tai', State='Playing'
13:09:33 - Title='Twin Flame', Artist='Penny Tai', State='Playing'
13:09:35 - Title='Twin Flame', Artist='Penny Tai', State='Playing'
13:09:37 - Title='Twin Flame', Artist='Penny Tai', State='Playing'
13:09:39 - Title='Twin Flame', Artist='Penny Tai', State='Playing'
13:09:41 - Title='Twin Flame', Artist='Penny Tai', State='Playing'
13:09:43 - Title='Twin Flame', Artist='Penny Tai', State='Playing'
13:09:45 - Title='Twin Flame', Artist='Penny Tai', State='Playing'
13:09:47 - Title='Twin Flame', Artist='Penny Tai', State='Playing'
13:09:49 - Title='Twin Flame', Artist='Penny Tai', State='Playing'
13:09:51 - Title='Twin Flame', Artist='Penny Tai', State='Playing'
13:09:53 - Title='Twin Flame', Artist='Penny Tai', State='Playing'
13:09:55 - Title='Twin Flame', Artist='Penny Tai', State='Playing'
13:09:57 - Title='Twin Flame', Artist='Penny Tai', State='Playing'
13:09:59 - Title='Twin Flame', Artist='Penny Tai', State='Playing'
13:10:01 - Title='Twin Flame', Artist='Penny Tai', State='Playing'
13:10:03 - Title='Twin Flame', Artist='Penny Tai', State='Playing'
13:10:05 - Title='Twin Flame', Artist='Penny Tai', State='Playing'
13:10:07 - Title='Twin Flame', Artist='Penny Tai', State='Playing'
13:10:09 - Title='Twin Flame', Artist='Penny Tai', State='Playing'
13:10:11 - Title='Twin Flame', Artist='Penny Tai', State='Playing'
13:10:13 - Title='Twin Flame', Artist='Penny Tai', State='Playing'
13:10:15 - Title='Twin Flame', Artist='Penny Tai', State='Playing'
13:10:17 - Title='Twin Flame', Artist='Penny Tai', State='Playing'
13:10:19 - Title='Twin Flame', Artist='Penny Tai', State='Playing'
13:10:21 - Title='Twin Flame', Artist='Penny Tai', State='Playing'
13:10:23 - Title='Twin Flame', Artist='Penny Tai', State='Playing'
13:10:25 - Title='Twin Flame', Artist='Penny Tai', State='Playing'
13:10:27 - Title='Twin Flame', Artist='Penny Tai', State='Playing'
13:10:29 - Title='Twin Flame', Artist='Penny Tai', State='Playing'
13:10:31 - Title='Twin Flame', Artist='Penny Tai', State='Playing'
13:10:33 - Title='Twin Flame', Artist='Penny Tai', State='Playing'
13:10:35 - Title='Twin Flame', Artist='Penny Tai', State='Playing'
13:10:37 - Title='Twin Flame', Artist='Penny Tai', State='Playing'
13:10:39 - Title='Twin Flame', Artist='Penny Tai', State='Playing'
13:10:41 - Title='Twin Flame', Artist='Penny Tai', State='Playing'
13:10:43 - Title='Twin Flame', Artist='Penny Tai', State='Playing'
13:10:45 - Title='Twin Flame', Artist='Penny Tai', State='Playing'
13:10:47 - Title='Twin Flame', Artist='Penny Tai', State='Playing'
13:10:49 - Title='Twin Flame', Artist='Penny Tai', State='Playing'
13:10:51 - Title='Twin Flame', Artist='Penny Tai', State='Playing'
13:10:53 - Title='Twin Flame', Artist='Penny Tai', State='Playing'
13:10:55 - Title='Twin Flame', Artist='Penny Tai', State='Playing'
13:10:57 - Title='Twin Flame', Artist='Penny Tai', State='Playing'
13:10:59 - Title='Twin Flame', Artist='Penny Tai', State='Playing'
13:11:01 - Title='Twin Flame', Artist='Penny Tai', State='Playing'
13:11:03 - Title='Twin Flame', Artist='Penny Tai', State='Playing'
13:11:05 - Title='Twin Flame', Artist='Penny Tai', State='Playing'
13:11:07 - Title='Twin Flame', Artist='Penny Tai', State='Playing'
13:11:09 - Title='Twin Flame', Artist='Penny Tai', State='Playing'
13:11:11 - Title='Twin Flame', Artist='Penny Tai', State='Playing'
13:11:13 - Title='Twin Flame', Artist='Penny Tai', State='Playing'
13:11:15 - Title='Twin Flame', Artist='Penny Tai', State='Playing'
13:11:17 - Title='Twin Flame', Artist='Penny Tai', State='Playing'
13:11:19 - Title='Twin Flame', Artist='Penny Tai', State='Playing'
13:11:21 - Title='Twin Flame', Artist='Penny Tai', State='Playing'
13:11:23 - Title='Twin Flame', Artist='Penny Tai', State='Playing'
13:11:25 - Title='Twin Flame', Artist='Penny Tai', State='Playing'
13:11:27 - Title='Twin Flame', Artist='Penny Tai', State='Playing'
13:11:29 - Title='Twin Flame', Artist='Penny Tai', State='Playing'
13:11:31 - Title='Twin Flame', Artist='Penny Tai', State='Playing'
13:11:33 - Title='Twin Flame', Artist='Penny Tai', State='Playing'
13:11:35 - Title='Twin Flame', Artist='Penny Tai', State='Playing'
13:11:37 - Title='Twin Flame', Artist='Penny Tai', State='Playing'
13:11:39 - Title='Twin Flame', Artist='Penny Tai', State='Playing'
13:11:41 - Title='Twin Flame', Artist='Penny Tai', State='Playing'
13:11:43 - Title='Twin Flame', Artist='Penny Tai', State='Playing'
13:11:45 - Title='Twin Flame', Artist='Penny Tai', State='Playing'
13:11:47 - Title='Twin Flame', Artist='Penny Tai', State='Playing'
13:11:49 - Title='Twin Flame', Artist='Penny Tai', State='Playing'
13:11:51 - Title='Twin Flame', Artist='Penny Tai', State='Playing'
13:11:53 - Title='Twin Flame', Artist='Penny Tai', State='Playing'
13:11:55 - Title='Twin Flame', Artist='Penny Tai', State='Playing'
13:11:55 - Title='Twin Flame', Artist='Penny Tai', State='Paused'
13:11:56 - Title='Twin Flame', Artist='Penny Tai', State='Paused'
13:11:58 - Title='Twin Flame', Artist='Penny Tai', State='Paused'
13:12:00 - Title='Twin Flame', Artist='Penny Tai', State='Paused'
13:12:00 - Title='Twin Flame', Artist='Penny Tai', State='Playing'
13:12:00 - Title='Twin Flame', Artist='Penny Tai', State='Playing'
13:12:02 - Title='Twin Flame', Artist='Penny Tai', State='Playing'
13:12:04 - Title='Twin Flame', Artist='Penny Tai', State='Playing'
13:12:06 - Title='Twin Flame', Artist='Penny Tai', State='Playing'
13:12:08 - Title='Twin Flame', Artist='Penny Tai', State='Playing'
13:12:10 - Title='Twin Flame', Artist='Penny Tai', State='Playing'
13:12:11 - Title='', Artist='', State='Stopped'
13:12:11 - Title='', Artist='', State='Stopped'
13:12:11 - Title='', Artist='', State='Stopped'
13:12:13 - Title='', Artist='', State='Stopped'
13:12:15 - Title='', Artist='', State='Stopped'
13:12:17 - Title='', Artist='', State='Stopped'
13:12:19 - Title='', Artist='', State='Stopped'
13:12:21 - Title='', Artist='', State='Stopped'
13:12:23 - Title='', Artist='', State='Stopped'
13:12:25 - Title='', Artist='', State='Stopped'
13:12:27 - Title='', Artist='', State='Stopped'
13:12:29 - Title='', Artist='', State='Stopped'
13:12:31 - Title='', Artist='', State='Stopped'
13:12:33 - Title='', Artist='', State='Stopped'
13:12:35 - Title='', Artist='', State='Stopped'
13:12:37 - Title='', Artist='', State='Stopped'
13:12:39 - Title='', Artist='', State='Stopped'
13:12:41 - Title='', Artist='', State='Stopped'
13:12:43 - Title='', Artist='', State='Stopped'
13:12:45 - Title='', Artist='', State='Stopped'
13:12:47 - Title='', Artist='', State='Stopped'
13:12:49 - Title='', Artist='', State='Stopped'
13:12:51 - Title='', Artist='', State='Stopped'
13:12:53 - Title='', Artist='', State='Stopped'
13:12:55 - Title='', Artist='', State='Stopped'
13:12:57 - Title='', Artist='', State='Stopped'
13:12:59 - Title='', Artist='', State='Stopped'
13:13:01 - Title='', Artist='', State='Stopped'
13:13:03 - Title='', Artist='', State='Stopped'
13:13:05 - Title='', Artist='', State='Stopped'
13:13:07 - Title='', Artist='', State='Stopped'
13:13:09 - Title='', Artist='', State='Stopped'
13:13:11 - Title='', Artist='', State='Stopped'
13:13:13 - Title='', Artist='', State='Stopped'
13:13:15 - Title='', Artist='', State='Stopped'
13:13:17 - Title='', Artist='', State='Stopped'
13:13:20 - Title='', Artist='', State='Stopped'
13:13:22 - Title='', Artist='', State='Stopped'
13:13:24 - Title='', Artist='', State='Stopped'
13:13:26 - Title='', Artist='', State='Stopped'
13:13:28 - Title='', Artist='', State='Stopped'
13:13:30 - Title='', Artist='', State='Stopped'
13:13:32 - Title='', Artist='', State='Stopped'
13:13:34 - Title='', Artist='', State='Stopped'
13:13:36 - Title='', Artist='', State='Stopped'
13:13:38 - Title='', Artist='', State='Stopped'
13:13:40 - Title='', Artist='', State='Stopped'
13:13:42 - Title='', Artist='', State='Stopped'
13:13:44 - Title='', Artist='', State='Stopped'
13:13:46 - Title='', Artist='', State='Stopped'
13:13:48 - Title='', Artist='', State='Stopped'
13:13:50 - Title='', Artist='', State='Stopped'
13:13:52 - Title='', Artist='', State='Stopped'
13:13:54 - Title='', Artist='', State='Stopped'
13:13:56 - Title='', Artist='', State='Stopped'
13:13:58 - Title='', Artist='', State='Stopped'
13:14:00 - Title='', Artist='', State='Stopped'
13:14:02 - Title='', Artist='', State='Stopped'
13:14:04 - Title='', Artist='', State='Stopped'
13:14:06 - Title='', Artist='', State='Stopped'
13:14:08 - Title='', Artist='', State='Stopped'
13:14:10 - Title='', Artist='', State='Stopped'
13:14:12 - Title='', Artist='', State='Stopped'
13:14:14 - Title='', Artist='', State='Stopped'
13:14:16 - Title='', Artist='', State='Stopped'
13:14:18 - Title='', Artist='', State='Stopped'
13:14:20 - Title='', Artist='', State='Stopped'
13:14:22 - Title='', Artist='', State='Stopped'
13:14:24 - Title='', Artist='', State='Stopped'
13:14:26 - Title='', Artist='', State='Stopped'
13:14:28 - Title='', Artist='', State='Stopped'
13:14:30 - Title='', Artist='', State='Stopped'
13:14:32 - Title='', Artist='', State='Stopped'
13:14:34 - Title='', Artist='', State='Stopped'
13:14:36 - Title='', Artist='', State='Stopped'
13:14:38 - Title='', Artist='', State='Stopped'
13:14:40 - Title='', Artist='', State='Stopped'
13:14:42 - Title='', Artist='', State='Stopped'
13:14:44 - Title='', Artist='', State='Stopped'
13:14:46 - Title='', Artist='', State='Stopped'
13:14:48 - Title='', Artist='', State='Stopped'
13:14:50 - Title='', Artist='', State='Stopped'
13:14:52 - Title='', Artist='', State='Stopped'
13:14:54 - Title='', Artist='', State='Stopped'
13:14:56 - Title='', Artist='', State='Stopped'
13:14:58 - Title='', Artist='', State='Stopped'
13:15:00 - Title='', Artist='', State='Stopped'
13:15:02 - Title='', Artist='', State='Stopped'
13:15:04 - Title='', Artist='', State='Stopped'
13:15:06 - Title='', Artist='', State='Stopped'
13:15:08 - Title='', Artist='', State='Stopped'
13:15:10 - Title='', Artist='', State='Stopped'
13:15:12 - Title='', Artist='', State='Stopped'
13:15:14 - Title='', Artist='', State='Stopped'
13:15:16 - Title='', Artist='', State='Stopped'
13:15:18 - Title='', Artist='', State='Stopped'
13:15:20 - Title='', Artist='', State='Stopped'
13:15:22 - Title='', Artist='', State='Stopped'
13:15:24 - Title='', Artist='', State='Stopped'
13:15:26 - Title='', Artist='', State='Stopped'
13:15:28 - Title='', Artist='', State='Stopped'
13:15:30 - Title='', Artist='', State='Stopped'
13:15:32 - Title='', Artist='', State='Stopped'
13:15:34 - Title='', Artist='', State='Stopped'
13:15:36 - Title='', Artist='', State='Stopped'
13:15:38 - Title='', Artist='', State='Stopped'
13:15:40 - Title='', Artist='', State='Stopped'
13:15:42 - Title='', Artist='', State='Stopped'
13:15:44 - Title='', Artist='', State='Stopped'
13:15:46 - Title='', Artist='', State='Stopped'
13:15:48 - Title='', Artist='', State='Stopped'
13:15:50 - Title='', Artist='', State='Stopped'
13:15:52 - Title='', Artist='', State='Stopped'
13:15:54 - Title='', Artist='', State='Stopped'
13:15:56 - Title='', Artist='', State='Stopped'
13:15:58 - Title='', Artist='', State='Stopped'
13:16:00 - Title='', Artist='', State='Stopped'
13:16:02 - Title='', Artist='', State='Stopped'
13:16:04 - Title='', Artist='', State='Stopped'
13:16:06 - Title='', Artist='', State='Stopped'
13:16:08 - Title='', Artist='', State='Stopped'
13:16:10 - Title='', Artist='', State='Stopped'
13:16:12 - Title='', Artist='', State='Stopped'
13:16:14 - Title='', Artist='', State='Stopped'
13:16:16 - Title='', Artist='', State='Stopped'
13:16:18 - Title='', Artist='', State='Stopped'
13:16:20 - Title='', Artist='', State='Stopped'
13:16:22 - Title='', Artist='', State='Stopped'
13:16:24 - Title='', Artist='', State='Stopped'
13:16:26 - Title='', Artist='', State='Stopped'
13:16:28 - Title='', Artist='', State='Stopped'
13:16:30 - Title='', Artist='', State='Stopped'
13:16:32 - Title='', Artist='', State='Stopped'
13:16:34 - Title='', Artist='', State='Stopped'
13:16:36 - Title='', Artist='', State='Stopped'
13:16:38 - Title='', Artist='', State='Stopped'
13:16:40 - Title='', Artist='', State='Stopped'
13:16:42 - Title='', Artist='', State='Stopped'
13:16:44 - Title='', Artist='', State='Stopped'
13:16:46 - Title='', Artist='', State='Stopped'
13:16:48 - Title='', Artist='', State='Stopped'
13:16:50 - Title='', Artist='', State='Stopped'
13:16:52 - Title='', Artist='', State='Stopped'
13:16:54 - Title='', Artist='', State='Stopped'
13:16:56 - Title='', Artist='', State='Stopped'
13:16:58 - Title='', Artist='', State='Stopped'
13:17:00 - Title='', Artist='', State='Stopped'
13:17:02 - Title='', Artist='', State='Stopped'
13:17:04 - Title='', Artist='', State='Stopped'
13:17:06 - Title='', Artist='', State='Stopped'
13:17:08 - Title='', Artist='', State='Stopped'
13:17:10 - Title='', Artist='', State='Stopped'
13:17:12 - Title='', Artist='', State='Stopped'
13:17:14 - Title='', Artist='', State='Stopped'
13:17:16 - Title='', Artist='', State='Stopped'
13:17:17 - Title='', Artist='', State='Playing'
13:17:17 - Title='', Artist='', State='Playing'
13:17:18 - Title='Imperative', Artist='Penny Tai', State='Playing'
13:17:18 - Title='Imperative', Artist='Penny Tai', State='Playing'
13:17:19 - Title='Imperative', Artist='Penny Tai', State='Playing'
13:17:21 - Title='Imperative', Artist='Penny Tai', State='Playing'
13:17:23 - Title='Imperative', Artist='Penny Tai', State='Playing'
13:17:25 - Title='Imperative', Artist='Penny Tai', State='Playing'
13:17:27 - Title='Imperative', Artist='Penny Tai', State='Playing'
13:17:29 - Title='Imperative', Artist='Penny Tai', State='Playing'
13:17:31 - Title='Imperative', Artist='Penny Tai', State='Playing'
13:17:33 - Title='Imperative', Artist='Penny Tai', State='Playing'
13:17:35 - Title='Imperative', Artist='Penny Tai', State='Playing'
13:17:37 - Title='Imperative', Artist='Penny Tai', State='Playing'
13:17:39 - Title='Imperative', Artist='Penny Tai', State='Playing'
13:17:41 - Title='Imperative', Artist='Penny Tai', State='Playing'
13:17:43 - Title='Imperative', Artist='Penny Tai', State='Playing'
13:17:45 - Title='Imperative', Artist='Penny Tai', State='Playing'
13:17:47 - Title='Imperative', Artist='Penny Tai', State='Playing'
13:17:49 - Title='Imperative', Artist='Penny Tai', State='Playing'
13:17:51 - Title='Imperative', Artist='Penny Tai', State='Playing'
13:17:53 - Title='Imperative', Artist='Penny Tai', State='Playing'
13:17:55 - Title='Imperative', Artist='Penny Tai', State='Playing'
13:17:57 - Title='Imperative', Artist='Penny Tai', State='Playing'
13:17:59 - Title='Imperative', Artist='Penny Tai', State='Playing'
13:18:01 - Title='Imperative', Artist='Penny Tai', State='Playing'
13:18:03 - Title='Imperative', Artist='Penny Tai', State='Playing'
13:18:05 - Title='Imperative', Artist='Penny Tai', State='Playing'
13:18:07 - Title='Imperative', Artist='Penny Tai', State='Playing'
13:18:09 - Title='Imperative', Artist='Penny Tai', State='Playing'
13:18:11 - Title='Imperative', Artist='Penny Tai', State='Playing'
13:18:13 - Title='Imperative', Artist='Penny Tai', State='Playing'
13:18:15 - Title='Imperative', Artist='Penny Tai', State='Playing'
13:18:17 - Title='Imperative', Artist='Penny Tai', State='Playing'
13:18:19 - Title='Imperative', Artist='Penny Tai', State='Playing'
13:18:21 - Title='Imperative', Artist='Penny Tai', State='Playing'
13:18:23 - Title='Imperative', Artist='Penny Tai', State='Playing'
13:18:25 - Title='Imperative', Artist='Penny Tai', State='Playing'
13:18:27 - Title='Imperative', Artist='Penny Tai', State='Playing'
13:18:29 - Title='Imperative', Artist='Penny Tai', State='Playing'
13:18:31 - Title='Imperative', Artist='Penny Tai', State='Playing'
13:18:33 - Title='Imperative', Artist='Penny Tai', State='Playing'
13:18:35 - Title='Imperative', Artist='Penny Tai', State='Playing'
13:18:37 - Title='Imperative', Artist='Penny Tai', State='Playing'
13:18:39 - Title='Imperative', Artist='Penny Tai', State='Playing'
13:18:41 - Title='Imperative', Artist='Penny Tai', State='Playing'
13:18:43 - Title='Imperative', Artist='Penny Tai', State='Playing'
13:18:45 - Title='Imperative', Artist='Penny Tai', State='Playing'
13:18:47 - Title='Imperative', Artist='Penny Tai', State='Playing'
13:18:49 - Title='Imperative', Artist='Penny Tai', State='Playing'
13:18:51 - Title='Imperative', Artist='Penny Tai', State='Playing'
13:18:53 - Title='Imperative', Artist='Penny Tai', State='Playing'
13:18:55 - Title='Imperative', Artist='Penny Tai', State='Playing'
13:18:57 - Title='Imperative', Artist='Penny Tai', State='Playing'
13:18:59 - Title='Imperative', Artist='Penny Tai', State='Playing'
13:19:01 - Title='Imperative', Artist='Penny Tai', State='Playing'
13:19:03 - Title='Imperative', Artist='Penny Tai', State='Playing'
13:19:05 - Title='Imperative', Artist='Penny Tai', State='Playing'
13:19:07 - Title='Imperative', Artist='Penny Tai', State='Playing'
13:19:09 - Title='Imperative', Artist='Penny Tai', State='Playing'
13:19:11 - Title='Imperative', Artist='Penny Tai', State='Playing'
13:19:13 - Title='Imperative', Artist='Penny Tai', State='Playing'
13:19:15 - Title='Imperative', Artist='Penny Tai', State='Playing'
13:19:17 - Title='Imperative', Artist='Penny Tai', State='Playing'
13:19:19 - Title='Imperative', Artist='Penny Tai', State='Playing'
13:19:21 - Title='Imperative', Artist='Penny Tai', State='Playing'
13:19:23 - Title='Imperative', Artist='Penny Tai', State='Playing'
13:19:25 - Title='Imperative', Artist='Penny Tai', State='Playing'
13:19:27 - Title='Imperative', Artist='Penny Tai', State='Playing'
13:19:29 - Title='Imperative', Artist='Penny Tai', State='Playing'
13:19:31 - Title='Imperative', Artist='Penny Tai', State='Playing'
13:19:33 - Title='Imperative', Artist='Penny Tai', State='Playing'
13:19:35 - Title='Imperative', Artist='Penny Tai', State='Playing'
13:19:37 - Title='Imperative', Artist='Penny Tai', State='Playing'
13:19:39 - Title='Imperative', Artist='Penny Tai', State='Playing'
13:19:41 - Title='Imperative', Artist='Penny Tai', State='Playing'
13:19:43 - Title='Imperative', Artist='Penny Tai', State='Playing'
13:19:45 - Title='Imperative', Artist='Penny Tai', State='Playing'
13:19:47 - Title='Imperative', Artist='Penny Tai', State='Playing'
13:19:49 - Title='Imperative', Artist='Penny Tai', State='Playing'
13:19:51 - Title='Imperative', Artist='Penny Tai', State='Playing'
13:19:53 - Title='Imperative', Artist='Penny Tai', State='Playing'
13:19:55 - Title='Imperative', Artist='Penny Tai', State='Playing'
13:19:57 - Title='Imperative', Artist='Penny Tai', State='Playing'
13:19:59 - Title='Imperative', Artist='Penny Tai', State='Playing'
13:20:01 - Title='Imperative', Artist='Penny Tai', State='Playing'
13:20:03 - Title='Imperative', Artist='Penny Tai', State='Playing'
13:20:05 - Title='Imperative', Artist='Penny Tai', State='Playing'
13:20:07 - Title='Imperative', Artist='Penny Tai', State='Playing'
13:20:09 - Title='Imperative', Artist='Penny Tai', State='Playing'
13:20:11 - Title='Imperative', Artist='Penny Tai', State='Playing'
13:20:13 - Title='Imperative', Artist='Penny Tai', State='Playing'
13:20:15 - Title='Imperative', Artist='Penny Tai', State='Playing'
13:20:17 - Title='Imperative', Artist='Penny Tai', State='Playing'
13:20:19 - Title='Imperative', Artist='Penny Tai', State='Playing'
13:20:21 - Title='Imperative', Artist='Penny Tai', State='Playing'
13:20:23 - Title='Imperative', Artist='Penny Tai', State='Playing'
13:20:25 - Title='Imperative', Artist='Penny Tai', State='Playing'
13:20:27 - Title='Imperative', Artist='Penny Tai', State='Playing'
13:20:29 - Title='Imperative', Artist='Penny Tai', State='Playing'
13:20:31 - Title='Imperative', Artist='Penny Tai', State='Playing'
13:20:33 - Title='Imperative', Artist='Penny Tai', State='Playing'
13:20:35 - Title='Imperative', Artist='Penny Tai', State='Playing'
13:20:37 - Title='Imperative', Artist='Penny Tai', State='Playing'
13:20:39 - Title='Imperative', Artist='Penny Tai', State='Playing'
13:20:41 - Title='Imperative', Artist='Penny Tai', State='Playing'
13:20:43 - Title='Imperative', Artist='Penny Tai', State='Playing'
13:20:45 - Title='Imperative', Artist='Penny Tai', State='Playing'
13:20:47 - Title='Imperative', Artist='Penny Tai', State='Playing'
13:20:49 - Title='Imperative', Artist='Penny Tai', State='Playing'
13:20:51 - Title='Imperative', Artist='Penny Tai', State='Playing'
13:20:53 - Title='Imperative', Artist='Penny Tai', State='Playing'
13:20:55 - Title='Imperative', Artist='Penny Tai', State='Playing'
13:20:57 - Title='Imperative', Artist='Penny Tai', State='Playing'
13:20:59 - Title='Imperative', Artist='Penny Tai', State='Playing'
13:21:01 - Title='Imperative', Artist='Penny Tai', State='Playing'
13:21:03 - Title='Imperative', Artist='Penny Tai', State='Playing'
13:21:05 - Title='Imperative', Artist='Penny Tai', State='Playing'
13:21:07 - Title='Imperative', Artist='Penny Tai', State='Playing'
13:21:09 - Title='Imperative', Artist='Penny Tai', State='Playing'
13:21:11 - Title='Imperative', Artist='Penny Tai', State='Playing'
13:21:13 - Title='Imperative', Artist='Penny Tai', State='Playing'
13:21:15 - Title='Imperative', Artist='Penny Tai', State='Playing'
13:21:17 - Title='Imperative', Artist='Penny Tai', State='Playing'
13:21:19 - Title='Imperative', Artist='Penny Tai', State='Playing'
13:21:21 - Title='Imperative', Artist='Penny Tai', State='Playing'
13:21:23 - Title='Imperative', Artist='Penny Tai', State='Playing'
13:21:25 - Title='Imperative', Artist='Penny Tai', State='Playing'
13:21:27 - Title='Imperative', Artist='Penny Tai', State='Playing'
13:21:29 - Title='Imperative', Artist='Penny Tai', State='Playing'
13:21:31 - Title='Imperative', Artist='Penny Tai', State='Playing'
13:21:33 - Title='Imperative', Artist='Penny Tai', State='Playing'
13:21:35 - Title='Imperative', Artist='Penny Tai', State='Playing'
13:21:37 - Title='Imperative', Artist='Penny Tai', State='Playing'
13:21:39 - Title='Imperative', Artist='Penny Tai', State='Playing'
13:21:41 - Title='Imperative', Artist='Penny Tai', State='Playing'
13:21:43 - Title='Imperative', Artist='Penny Tai', State='Playing'
13:21:45 - Title='Imperative', Artist='Penny Tai', State='Playing'
13:21:47 - Title='Imperative', Artist='Penny Tai', State='Playing'
13:21:49 - Title='Imperative', Artist='Penny Tai', State='Playing'
13:21:51 - Title='Imperative', Artist='Penny Tai', State='Playing'
13:21:53 - Title='Imperative', Artist='Penny Tai', State='Playing'
13:21:55 - Title='Imperative', Artist='Penny Tai', State='Playing'
13:21:57 - Title='Imperative', Artist='Penny Tai', State='Playing'
13:21:59 - Title='Imperative', Artist='Penny Tai', State='Playing'
13:22:01 - Title='Imperative', Artist='Penny Tai', State='Playing'
13:22:03 - Title='Imperative', Artist='Penny Tai', State='Playing'
13:22:05 - Title='Imperative', Artist='Penny Tai', State='Playing'
13:22:07 - Title='Imperative', Artist='Penny Tai', State='Playing'
13:22:09 - Title='Bet', Artist='Penny Tai', State='Playing'
13:22:09 - Title='Bet', Artist='Penny Tai', State='Playing'
13:22:10 - Title='Bet', Artist='Penny Tai', State='Playing'
13:22:12 - Title='Bet', Artist='Penny Tai', State='Playing'
13:22:14 - Title='Bet', Artist='Penny Tai', State='Playing'
13:22:16 - Title='Bet', Artist='Penny Tai', State='Playing'
13:22:18 - Title='Bet', Artist='Penny Tai', State='Playing'
13:22:20 - Title='Bet', Artist='Penny Tai', State='Playing'
13:22:22 - Title='Bet', Artist='Penny Tai', State='Playing'
13:22:24 - Title='Bet', Artist='Penny Tai', State='Playing'
13:22:26 - Title='Bet', Artist='Penny Tai', State='Playing'
13:22:28 - Title='Bet', Artist='Penny Tai', State='Playing'
13:22:30 - Title='Bet', Artist='Penny Tai', State='Playing'
13:22:32 - Title='Bet', Artist='Penny Tai', State='Playing'
13:22:34 - Title='Bet', Artist='Penny Tai', State='Playing'
13:22:36 - Title='Bet', Artist='Penny Tai', State='Playing'
13:22:38 - Title='Bet', Artist='Penny Tai', State='Playing'
13:22:40 - Title='Bet', Artist='Penny Tai', State='Playing'
13:22:42 - Title='Bet', Artist='Penny Tai', State='Playing'
13:22:44 - Title='Bet', Artist='Penny Tai', State='Playing'
13:22:46 - Title='Bet', Artist='Penny Tai', State='Playing'
13:22:48 - Title='Bet', Artist='Penny Tai', State='Playing'
13:22:50 - Title='Bet', Artist='Penny Tai', State='Playing'
13:22:52 - Title='Bet', Artist='Penny Tai', State='Playing'
13:22:54 - Title='Bet', Artist='Penny Tai', State='Playing'
13:22:56 - Title='Bet', Artist='Penny Tai', State='Playing'
13:22:58 - Title='Bet', Artist='Penny Tai', State='Playing'
13:23:00 - Title='Bet', Artist='Penny Tai', State='Playing'
13:23:02 - Title='Bet', Artist='Penny Tai', State='Playing'
13:23:04 - Title='Bet', Artist='Penny Tai', State='Playing'
13:23:06 - Title='Bet', Artist='Penny Tai', State='Playing'
13:23:08 - Title='Bet', Artist='Penny Tai', State='Playing'
13:23:10 - Title='Bet', Artist='Penny Tai', State='Playing'
13:23:12 - Title='Bet', Artist='Penny Tai', State='Playing'
13:23:14 - Title='Bet', Artist='Penny Tai', State='Playing'
13:23:16 - Title='Bet', Artist='Penny Tai', State='Playing'
13:23:18 - Title='Bet', Artist='Penny Tai', State='Playing'
13:23:20 - Title='Bet', Artist='Penny Tai', State='Playing'
13:23:22 - Title='Bet', Artist='Penny Tai', State='Playing'
13:23:24 - Title='Bet', Artist='Penny Tai', State='Playing'
13:23:26 - Title='Bet', Artist='Penny Tai', State='Playing'
13:23:28 - Title='Bet', Artist='Penny Tai', State='Playing'
13:23:30 - Title='Bet', Artist='Penny Tai', State='Playing'
13:23:32 - Title='Bet', Artist='Penny Tai', State='Playing'
13:23:34 - Title='Bet', Artist='Penny Tai', State='Playing'
13:23:36 - Title='Bet', Artist='Penny Tai', State='Playing'
13:23:38 - Title='Bet', Artist='Penny Tai', State='Playing'
13:23:40 - Title='Bet', Artist='Penny Tai', State='Playing'
13:23:42 - Title='Bet', Artist='Penny Tai', State='Playing'
13:23:44 - Title='Bet', Artist='Penny Tai', State='Playing'
13:23:46 - Title='Bet', Artist='Penny Tai', State='Playing'
13:23:48 - Title='Bet', Artist='Penny Tai', State='Playing'
13:23:50 - Title='Bet', Artist='Penny Tai', State='Playing'
13:23:52 - Title='Bet', Artist='Penny Tai', State='Playing'
13:23:54 - Title='Bet', Artist='Penny Tai', State='Playing'
13:23:56 - Title='Bet', Artist='Penny Tai', State='Playing'
13:23:58 - Title='Bet', Artist='Penny Tai', State='Playing'
13:24:00 - Title='Bet', Artist='Penny Tai', State='Playing'
13:24:02 - Title='Bet', Artist='Penny Tai', State='Playing'
13:24:04 - Title='Bet', Artist='Penny Tai', State='Playing'
13:24:06 - Title='Bet', Artist='Penny Tai', State='Playing'
13:24:08 - Title='Bet', Artist='Penny Tai', State='Playing'
13:24:10 - Title='Bet', Artist='Penny Tai', State='Playing'
13:24:12 - Title='Bet', Artist='Penny Tai', State='Playing'
13:24:14 - Title='Bet', Artist='Penny Tai', State='Playing'
13:24:16 - Title='Bet', Artist='Penny Tai', State='Playing'
13:24:18 - Title='Bet', Artist='Penny Tai', State='Playing'
13:24:20 - Title='Bet', Artist='Penny Tai', State='Playing'
13:24:22 - Title='Bet', Artist='Penny Tai', State='Playing'
13:24:24 - Title='Bet', Artist='Penny Tai', State='Playing'
13:24:26 - Title='Bet', Artist='Penny Tai', State='Playing'
13:24:28 - Title='Bet', Artist='Penny Tai', State='Playing'
13:24:30 - Title='Bet', Artist='Penny Tai', State='Playing'
13:24:32 - Title='Bet', Artist='Penny Tai', State='Playing'
13:24:34 - Title='Bet', Artist='Penny Tai', State='Playing'
13:24:36 - Title='Bet', Artist='Penny Tai', State='Playing'
13:24:38 - Title='Bet', Artist='Penny Tai', State='Playing'
13:24:40 - Title='Bet', Artist='Penny Tai', State='Playing'
13:24:42 - Title='Bet', Artist='Penny Tai', State='Playing'
13:24:44 - Title='Bet', Artist='Penny Tai', State='Playing'
13:24:46 - Title='Bet', Artist='Penny Tai', State='Playing'
13:24:48 - Title='Bet', Artist='Penny Tai', State='Playing'
13:24:50 - Title='Bet', Artist='Penny Tai', State='Playing'
13:24:52 - Title='Bet', Artist='Penny Tai', State='Playing'
13:24:54 - Title='Bet', Artist='Penny Tai', State='Playing'
13:24:56 - Title='Bet', Artist='Penny Tai', State='Playing'
13:24:58 - Title='Bet', Artist='Penny Tai', State='Playing'
13:25:00 - Title='Bet', Artist='Penny Tai', State='Playing'
13:25:02 - Title='Bet', Artist='Penny Tai', State='Playing'
13:25:04 - Title='Bet', Artist='Penny Tai', State='Playing'
13:25:06 - Title='Bet', Artist='Penny Tai', State='Playing'
13:25:08 - Title='Bet', Artist='Penny Tai', State='Playing'
13:25:10 - Title='Bet', Artist='Penny Tai', State='Playing'
13:25:12 - Title='Bet', Artist='Penny Tai', State='Playing'
13:25:14 - Title='Bet', Artist='Penny Tai', State='Playing'
13:25:16 - Title='Bet', Artist='Penny Tai', State='Playing'
13:25:18 - Title='Bet', Artist='Penny Tai', State='Playing'
13:25:20 - Title='Bet', Artist='Penny Tai', State='Playing'
13:25:22 - Title='Bet', Artist='Penny Tai', State='Playing'
13:25:24 - Title='Bet', Artist='Penny Tai', State='Playing'
13:25:26 - Title='Bet', Artist='Penny Tai', State='Playing'
13:25:28 - Title='Bet', Artist='Penny Tai', State='Playing'
13:25:30 - Title='Bet', Artist='Penny Tai', State='Playing'
13:25:32 - Title='Bet', Artist='Penny Tai', State='Playing'
13:25:34 - Title='Bet', Artist='Penny Tai', State='Playing'
13:25:36 - Title='Bet', Artist='Penny Tai', State='Playing'
13:25:38 - Title='Bet', Artist='Penny Tai', State='Playing'
13:25:40 - Title='Bet', Artist='Penny Tai', State='Playing'
13:25:42 - Title='Bet', Artist='Penny Tai', State='Playing'
13:25:44 - Title='Bet', Artist='Penny Tai', State='Playing'
13:25:46 - Title='Bet', Artist='Penny Tai', State='Playing'
13:25:48 - Title='Bet', Artist='Penny Tai', State='Playing'
13:25:50 - Title='Bet', Artist='Penny Tai', State='Playing'
13:25:52 - Title='Bet', Artist='Penny Tai', State='Playing'
13:25:54 - Title='Bet', Artist='Penny Tai', State='Playing'
13:25:56 - Title='Bet', Artist='Penny Tai', State='Playing'
13:25:58 - Title='Bet', Artist='Penny Tai', State='Playing'
13:26:00 - Title='Bet', Artist='Penny Tai', State='Playing'
13:26:02 - Title='Bet', Artist='Penny Tai', State='Playing'
13:26:04 - Title='Bet', Artist='Penny Tai', State='Playing'
13:26:06 - Title='Bet', Artist='Penny Tai', State='Playing'
13:26:08 - Title='Bet', Artist='Penny Tai', State='Playing'
13:26:10 - Title='Bet', Artist='Penny Tai', State='Playing'
13:26:12 - Title='Bet', Artist='Penny Tai', State='Playing'
13:26:14 - Title='Bet', Artist='Penny Tai', State='Playing'
13:26:16 - Title='Bet', Artist='Penny Tai', State='Playing'
13:26:18 - Title='Bet', Artist='Penny Tai', State='Playing'
13:26:20 - Title='Bet', Artist='Penny Tai', State='Playing'
13:26:22 - Title='Bet', Artist='Penny Tai', State='Playing'
13:26:24 - Title='Bet', Artist='Penny Tai', State='Playing'
13:26:26 - Title='Bet', Artist='Penny Tai', State='Playing'
13:26:28 - Title='Bet', Artist='Penny Tai', State='Playing'
13:26:30 - Title='Bet', Artist='Penny Tai', State='Playing'
13:26:32 - Title='Bet', Artist='Penny Tai', State='Playing'
13:26:34 - Title='Bet', Artist='Penny Tai', State='Playing'
13:26:36 - Title='Bet', Artist='Penny Tai', State='Playing'
13:26:38 - Title='Bet', Artist='Penny Tai', State='Playing'
13:26:40 - Title='Bet', Artist='Penny Tai', State='Playing'
13:26:42 - Title='Bet', Artist='Penny Tai', State='Playing'
13:26:44 - Title='Bet', Artist='Penny Tai', State='Playing'
13:26:46 - Title='Bet', Artist='Penny Tai', State='Playing'
13:26:48 - Title='Bet', Artist='Penny Tai', State='Playing'
13:26:50 - Title='Bet', Artist='Penny Tai', State='Playing'
13:26:52 - Title='Bet', Artist='Penny Tai', State='Playing'
13:26:54 - Title='Bet', Artist='Penny Tai', State='Playing'
13:26:56 - Title='Bet', Artist='Penny Tai', State='Playing'
13:26:58 - Title='Bet', Artist='Penny Tai', State='Playing'
13:27:00 - Title='Bet', Artist='Penny Tai', State='Playing'
13:27:02 - Title='Bet', Artist='Penny Tai', State='Playing'
13:27:04 - Title='Bet', Artist='Penny Tai', State='Playing'
13:27:06 - Title='Bet', Artist='Penny Tai', State='Playing'
13:27:08 - Title='Bet', Artist='Penny Tai', State='Playing'
13:27:10 - Title='Bet', Artist='Penny Tai', State='Playing'
13:27:12 - Title='Bet', Artist='Penny Tai', State='Playing'
13:27:14 - Title='Bet', Artist='Penny Tai', State='Playing'
13:27:16 - Title='Bet', Artist='Penny Tai', State='Playing'
13:27:18 - Title='Bet', Artist='Penny Tai', State='Playing'
13:27:20 - Title='Bet', Artist='Penny Tai', State='Playing'
13:27:22 - Title='Bet', Artist='Penny Tai', State='Playing'
13:27:24 - Title='Bet', Artist='Penny Tai', State='Playing'
13:27:26 - Title='Bet', Artist='Penny Tai', State='Playing'
13:27:28 - Title='Bet', Artist='Penny Tai', State='Playing'
13:27:30 - Title='Bet', Artist='Penny Tai', State='Playing'
13:27:32 - Title='Bet', Artist='Penny Tai', State='Playing'
13:27:34 - Title='Bet', Artist='Penny Tai', State='Playing'
13:27:36 - Title='Bet', Artist='Penny Tai', State='Playing'
13:27:38 - Title='Triangle', Artist='Penny Tai', State='Playing'
13:27:39 - Title='Triangle', Artist='Penny Tai', State='Playing'
13:27:41 - Title='Triangle', Artist='Penny Tai', State='Playing'
13:27:43 - Title='Triangle', Artist='Penny Tai', State='Playing'
13:27:45 - Title='Triangle', Artist='Penny Tai', State='Playing'
13:27:47 - Title='Triangle', Artist='Penny Tai', State='Playing'
13:27:49 - Title='Triangle', Artist='Penny Tai', State='Playing'
13:27:51 - Title='Triangle', Artist='Penny Tai', State='Playing'
13:27:53 - Title='Triangle', Artist='Penny Tai', State='Playing'
13:27:55 - Title='Triangle', Artist='Penny Tai', State='Playing'
13:27:57 - Title='Triangle', Artist='Penny Tai', State='Playing'
13:27:59 - Title='Triangle', Artist='Penny Tai', State='Playing'
13:28:01 - Title='Triangle', Artist='Penny Tai', State='Playing'
13:28:03 - Title='Triangle', Artist='Penny Tai', State='Playing'
13:28:05 - Title='Triangle', Artist='Penny Tai', State='Playing'
13:28:07 - Title='Triangle', Artist='Penny Tai', State='Playing'
13:28:09 - Title='Triangle', Artist='Penny Tai', State='Playing'
13:28:11 - Title='Triangle', Artist='Penny Tai', State='Playing'
13:28:13 - Title='Triangle', Artist='Penny Tai', State='Playing'
13:28:15 - Title='Triangle', Artist='Penny Tai', State='Playing'
13:28:17 - Title='Triangle', Artist='Penny Tai', State='Playing'
13:28:19 - Title='Triangle', Artist='Penny Tai', State='Playing'
13:28:21 - Title='Triangle', Artist='Penny Tai', State='Playing'
13:28:23 - Title='Triangle', Artist='Penny Tai', State='Playing'
13:28:25 - Title='Triangle', Artist='Penny Tai', State='Playing'
13:28:27 - Title='Triangle', Artist='Penny Tai', State='Playing'
13:28:29 - Title='Triangle', Artist='Penny Tai', State='Playing'
13:28:31 - Title='Triangle', Artist='Penny Tai', State='Playing'
13:28:33 - Title='Triangle', Artist='Penny Tai', State='Playing'
13:28:35 - Title='Triangle', Artist='Penny Tai', State='Playing'
13:28:37 - Title='Triangle', Artist='Penny Tai', State='Playing'
13:28:39 - Title='Triangle', Artist='Penny Tai', State='Playing'
13:28:41 - Title='Triangle', Artist='Penny Tai', State='Playing'
13:28:43 - Title='Triangle', Artist='Penny Tai', State='Playing'
13:28:45 - Title='Triangle', Artist='Penny Tai', State='Playing'
13:28:47 - Title='Triangle', Artist='Penny Tai', State='Playing'
13:28:49 - Title='Triangle', Artist='Penny Tai', State='Playing'
13:28:51 - Title='Triangle', Artist='Penny Tai', State='Playing'
13:28:53 - Title='Triangle', Artist='Penny Tai', State='Playing'
13:28:55 - Title='Triangle', Artist='Penny Tai', State='Playing'
13:28:57 - Title='Triangle', Artist='Penny Tai', State='Playing'
13:28:59 - Title='Triangle', Artist='Penny Tai', State='Playing'
13:29:01 - Title='Triangle', Artist='Penny Tai', State='Playing'
13:29:03 - Title='Triangle', Artist='Penny Tai', State='Playing'
13:29:05 - Title='Triangle', Artist='Penny Tai', State='Playing'
13:29:07 - Title='Triangle', Artist='Penny Tai', State='Playing'
13:29:09 - Title='Triangle', Artist='Penny Tai', State='Playing'
13:29:11 - Title='Triangle', Artist='Penny Tai', State='Playing'
13:29:13 - Title='Triangle', Artist='Penny Tai', State='Playing'
13:29:15 - Title='Triangle', Artist='Penny Tai', State='Playing'
13:29:17 - Title='Triangle', Artist='Penny Tai', State='Playing'
13:29:19 - Title='Triangle', Artist='Penny Tai', State='Playing'
13:29:20 - Title='Triangle', Artist='Penny Tai', State='Playing'
13:29:22 - Title='Triangle', Artist='Penny Tai', State='Playing'
13:29:24 - Title='Triangle', Artist='Penny Tai', State='Playing'
13:29:26 - Title='Triangle', Artist='Penny Tai', State='Playing'
13:29:28 - Title='Triangle', Artist='Penny Tai', State='Playing'
13:29:30 - Title='Triangle', Artist='Penny Tai', State='Playing'
13:29:32 - Title='Triangle', Artist='Penny Tai', State='Playing'
13:29:34 - Title='Triangle', Artist='Penny Tai', State='Playing'
13:29:36 - Title='Triangle', Artist='Penny Tai', State='Playing'
13:29:38 - Title='Triangle', Artist='Penny Tai', State='Playing'
13:29:40 - Title='Triangle', Artist='Penny Tai', State='Playing'
13:29:42 - Title='Triangle', Artist='Penny Tai', State='Playing'
13:29:44 - Title='Triangle', Artist='Penny Tai', State='Playing'
13:29:46 - Title='Triangle', Artist='Penny Tai', State='Playing'
13:29:48 - Title='Triangle', Artist='Penny Tai', State='Playing'
13:29:50 - Title='Triangle', Artist='Penny Tai', State='Playing'
13:29:52 - Title='Triangle', Artist='Penny Tai', State='Playing'
13:29:54 - Title='Triangle', Artist='Penny Tai', State='Playing'
13:29:56 - Title='Triangle', Artist='Penny Tai', State='Playing'
13:29:58 - Title='Triangle', Artist='Penny Tai', State='Playing'
13:30:00 - Title='Triangle', Artist='Penny Tai', State='Playing'
13:30:02 - Title='Triangle', Artist='Penny Tai', State='Playing'
13:30:04 - Title='Triangle', Artist='Penny Tai', State='Playing'
13:30:06 - Title='Triangle', Artist='Penny Tai', State='Playing'
13:30:08 - Title='Triangle', Artist='Penny Tai', State='Playing'
13:30:10 - Title='Triangle', Artist='Penny Tai', State='Playing'
13:30:12 - Title='Triangle', Artist='Penny Tai', State='Playing'
13:30:14 - Title='Triangle', Artist='Penny Tai', State='Playing'
13:30:16 - Title='Triangle', Artist='Penny Tai', State='Playing'
13:30:18 - Title='Triangle', Artist='Penny Tai', State='Playing'
13:30:20 - Title='Triangle', Artist='Penny Tai', State='Playing'
13:30:22 - Title='Triangle', Artist='Penny Tai', State='Playing'
13:30:24 - Title='Triangle', Artist='Penny Tai', State='Playing'
13:30:26 - Title='Triangle', Artist='Penny Tai', State='Playing'
13:30:28 - Title='Triangle', Artist='Penny Tai', State='Playing'
13:30:30 - Title='Triangle', Artist='Penny Tai', State='Playing'
13:30:32 - Title='Triangle', Artist='Penny Tai', State='Playing'
13:30:34 - Title='Triangle', Artist='Penny Tai', State='Playing'
13:30:36 - Title='Triangle', Artist='Penny Tai', State='Playing'
13:30:38 - Title='Triangle', Artist='Penny Tai', State='Playing'
13:30:40 - Title='Triangle', Artist='Penny Tai', State='Playing'
13:30:42 - Title='Triangle', Artist='Penny Tai', State='Playing'
13:30:44 - Title='Triangle', Artist='Penny Tai', State='Playing'
13:30:46 - Title='Triangle', Artist='Penny Tai', State='Playing'
13:30:48 - Title='Triangle', Artist='Penny Tai', State='Playing'
13:30:50 - Title='Triangle', Artist='Penny Tai', State='Playing'
13:30:52 - Title='Triangle', Artist='Penny Tai', State='Playing'
13:30:54 - Title='Triangle', Artist='Penny Tai', State='Playing'
13:30:56 - Title='Triangle', Artist='Penny Tai', State='Playing'
13:30:58 - Title='Triangle', Artist='Penny Tai', State='Playing'
13:31:00 - Title='Triangle', Artist='Penny Tai', State='Playing'
13:31:02 - Title='Triangle', Artist='Penny Tai', State='Playing'
13:31:04 - Title='Triangle', Artist='Penny Tai', State='Playing'
13:31:06 - Title='Triangle', Artist='Penny Tai', State='Playing'
13:31:08 - Title='Triangle', Artist='Penny Tai', State='Playing'
13:31:10 - Title='Triangle', Artist='Penny Tai', State='Playing'
13:31:12 - Title='Triangle', Artist='Penny Tai', State='Playing'
13:31:14 - Title='Triangle', Artist='Penny Tai', State='Playing'
13:31:16 - Title='Triangle', Artist='Penny Tai', State='Playing'
13:31:18 - Title='Triangle', Artist='Penny Tai', State='Playing'
13:31:20 - Title='Triangle', Artist='Penny Tai', State='Playing'
13:31:22 - Title='Triangle', Artist='Penny Tai', State='Playing'
13:31:24 - Title='Triangle', Artist='Penny Tai', State='Playing'
13:31:26 - Title='Triangle', Artist='Penny Tai', State='Playing'
13:31:28 - Title='Triangle', Artist='Penny Tai', State='Playing'
13:31:30 - Title='Triangle', Artist='Penny Tai', State='Playing'
13:31:32 - Title='Triangle', Artist='Penny Tai', State='Playing'
13:31:34 - Title='Triangle', Artist='Penny Tai', State='Playing'
13:31:36 - Title='Triangle', Artist='Penny Tai', State='Playing'
13:31:38 - Title='Triangle', Artist='Penny Tai', State='Playing'
13:31:40 - Title='Triangle', Artist='Penny Tai', State='Playing'
13:31:42 - Title='Triangle', Artist='Penny Tai', State='Playing'
13:31:44 - Title='Triangle', Artist='Penny Tai', State='Playing'
13:31:46 - Title='Triangle', Artist='Penny Tai', State='Playing'
13:31:48 - Title='Triangle', Artist='Penny Tai', State='Playing'
13:31:50 - Title='Triangle', Artist='Penny Tai', State='Playing'
13:31:52 - Title='Triangle', Artist='Penny Tai', State='Playing'
13:31:54 - Title='Triangle', Artist='Penny Tai', State='Playing'
13:31:55 - Title='Silent Protest', Artist='Penny Tai', State='Playing'
13:31:56 - Title='Silent Protest', Artist='Penny Tai', State='Playing'
13:31:58 - Title='Silent Protest', Artist='Penny Tai', State='Playing'
13:32:00 - Title='Silent Protest', Artist='Penny Tai', State='Playing'
13:32:02 - Title='Silent Protest', Artist='Penny Tai', State='Playing'
13:32:04 - Title='Silent Protest', Artist='Penny Tai', State='Playing'
13:32:06 - Title='Silent Protest', Artist='Penny Tai', State='Playing'
13:32:08 - Title='Silent Protest', Artist='Penny Tai', State='Playing'
13:32:10 - Title='Silent Protest', Artist='Penny Tai', State='Playing'
13:32:12 - Title='Silent Protest', Artist='Penny Tai', State='Playing'
13:32:14 - Title='Silent Protest', Artist='Penny Tai', State='Playing'
13:32:16 - Title='Silent Protest', Artist='Penny Tai', State='Playing'
13:32:18 - Title='Silent Protest', Artist='Penny Tai', State='Playing'
13:32:20 - Title='Silent Protest', Artist='Penny Tai', State='Playing'
13:32:22 - Title='Silent Protest', Artist='Penny Tai', State='Playing'
13:32:24 - Title='Silent Protest', Artist='Penny Tai', State='Playing'
13:32:26 - Title='Silent Protest', Artist='Penny Tai', State='Playing'
13:32:28 - Title='Silent Protest', Artist='Penny Tai', State='Playing'
13:32:30 - Title='Silent Protest', Artist='Penny Tai', State='Playing'
13:32:32 - Title='Silent Protest', Artist='Penny Tai', State='Playing'
13:32:34 - Title='Silent Protest', Artist='Penny Tai', State='Playing'
13:32:36 - Title='Silent Protest', Artist='Penny Tai', State='Playing'
13:32:38 - Title='Silent Protest', Artist='Penny Tai', State='Playing'
13:32:40 - Title='Silent Protest', Artist='Penny Tai', State='Playing'
13:32:42 - Title='Silent Protest', Artist='Penny Tai', State='Playing'
13:32:44 - Title='Silent Protest', Artist='Penny Tai', State='Playing'
13:32:46 - Title='Silent Protest', Artist='Penny Tai', State='Playing'
13:32:48 - Title='Silent Protest', Artist='Penny Tai', State='Playing'
13:32:50 - Title='Silent Protest', Artist='Penny Tai', State='Playing'
13:32:52 - Title='Silent Protest', Artist='Penny Tai', State='Playing'
13:32:54 - Title='Silent Protest', Artist='Penny Tai', State='Playing'
13:32:56 - Title='Silent Protest', Artist='Penny Tai', State='Playing'
13:32:58 - Title='Silent Protest', Artist='Penny Tai', State='Playing'
